<?xml version="1.0" encoding="UTF-8"?>
<testsuite name="example.service.VotesServiceTest" tests="4" skipped="0" failures="0" errors="0" timestamp="2021-05-12T12:17:18" hostname="maksstation" time="4.269">
  <properties/>
  <testcase name="multipleSubscriptions()" classname="example.service.VotesServiceTest" time="1.254"/>
  <testcase name="singleSubscription()" classname="example.service.VotesServiceTest" time="1.003"/>
  <testcase name="multipleOneTimeSubscription()" classname="example.service.VotesServiceTest" time="1.007"/>
  <testcase name="singleOneTimeSubscription()" classname="example.service.VotesServiceTest" time="1.002"/>
  <system-out><![CDATA[]]></system-out>
  <system-err><![CDATA[]]></system-err>
</testsuite>
